cl : command line warning D9002: ignoring unknown option '/arch:SSE2'
cl : command line warning D9002: ignoring unknown option '/arch:SSE2'
  autofit.c
cl : command line warning D9002: ignoring unknown option '/arch:SSE2'
  ftbase.c
cl : command line warning D9002: ignoring unknown option '/arch:SSE2'
  ftbbox.c
cl : command line warning D9002: ignoring unknown option '/arch:SSE2'
  ftbdf.c
  ftbitmap.c
  ftcid.c
  ftfstype.c
  ftgasp.c
  ftglyph.c
  ftgxval.c
  ftinit.c
  ftmm.c
  ftotval.c
  ftpatent.c
  ftpfr.c
  ftstroke.c
  ftsynth.c
  ftsystem.c
  fttype1.c
  ftwinfnt.c
  bdf.c
C:\Users\Administrator\Desktop\Game Project\Git_EngineProof+Camera\Atom\Atom\lib\freetype-2.10.4\src\base\ftstroke.c(1021): warning C4701: potentially uninitialized local variable 'sigma' used
C:\Users\Administrator\Desktop\Game Project\Git_EngineProof+Camera\Atom\Atom\lib\freetype-2.10.4\src\base\ftstroke.c(1116): warning C4701: potentially uninitialized local variable 'sigma' used
  ftcache.c
  cff.c
  type1cid.c
  ftgzip.c
  ftlzw.c
  pcf.c
  pfr.c
  psaux.c
  pshinter.c
  psmodule.c
C:\Users\Administrator\Desktop\Game Project\Git_EngineProof+Camera\Atom\Atom\lib\freetype-2.10.4\src\psaux\t1decode.c(1992,27): warning C4267: '=': conversion from 'size_t' to 'FT_Int', possible loss of data (compiling source file ..\..\..\src\psaux\psaux.c)
C:\Users\Administrator\Desktop\Game Project\Git_EngineProof+Camera\Atom\Atom\lib\freetype-2.10.4\src\psaux\psintrp.c(1005,29): warning C4267: '=': conversion from 'size_t' to 'FT_Fast', possible loss of data (compiling source file ..\..\..\src\psaux\psaux.c)
  raster.c
  sfnt.c
  smooth.c
  truetype.c
C:\Users\Administrator\Desktop\Game Project\Git_EngineProof+Camera\Atom\Atom\lib\freetype-2.10.4\src\sfnt\sfdriver.c(859,32): warning C4267: '=': conversion from 'size_t' to 'FT_UInt', possible loss of data (compiling source file ..\..\..\src\sfnt\sfnt.c)
C:\Users\Administrator\Desktop\Game Project\Git_EngineProof+Camera\Atom\Atom\lib\freetype-2.10.4\src\sfnt\sfdriver.c(1010,44): warning C4244: 'function': conversion from '__int64' to 'const unsigned int', possible loss of data (compiling source file ..\..\..\src\sfnt\sfnt.c)
C:\Users\Administrator\Desktop\Game Project\Git_EngineProof+Camera\Atom\Atom\lib\freetype-2.10.4\src\smooth\ftgrays.c(1703,26): warning C4267: '+=': conversion from 'size_t' to 'TCoord', possible loss of data (compiling source file ..\..\..\src\smooth\smooth.c)
C:\Users\Administrator\Desktop\Game Project\Git_EngineProof+Camera\Atom\Atom\lib\freetype-2.10.4\src\sfnt\sfwoff2.c(317,37): warning C4100: 'src_size': unreferenced formal parameter (compiling source file ..\..\..\src\sfnt\sfnt.c)
C:\Users\Administrator\Desktop\Game Project\Git_EngineProof+Camera\Atom\Atom\lib\freetype-2.10.4\src\sfnt\sfwoff2.c(316,37): warning C4100: 'src': unreferenced formal parameter (compiling source file ..\..\..\src\sfnt\sfnt.c)
C:\Users\Administrator\Desktop\Game Project\Git_EngineProof+Camera\Atom\Atom\lib\freetype-2.10.4\src\sfnt\sfwoff2.c(315,37): warning C4100: 'dst_size': unreferenced formal parameter (compiling source file ..\..\..\src\sfnt\sfnt.c)
C:\Users\Administrator\Desktop\Game Project\Git_EngineProof+Camera\Atom\Atom\lib\freetype-2.10.4\src\sfnt\sfwoff2.c(314,37): warning C4100: 'dst': unreferenced formal parameter (compiling source file ..\..\..\src\sfnt\sfnt.c)
C:\Users\Administrator\Desktop\Game Project\Git_EngineProof+Camera\Atom\Atom\lib\freetype-2.10.4\src\smooth\ftgrays.c(533): warning C4706: assignment within conditional expression
  type1.c
C:\Users\Administrator\Desktop\Game Project\Git_EngineProof+Camera\Atom\Atom\lib\freetype-2.10.4\src\truetype\ttgload.c(1901,42): warning C4312: 'type cast': conversion from 'unsigned long' to 'void *' of greater size (compiling source file ..\..\..\src\truetype\truetype.c)
C:\Users\Administrator\Desktop\Game Project\Git_EngineProof+Camera\Atom\Atom\lib\freetype-2.10.4\src\type1\t1driver.c(276,51): warning C4267: '=': conversion from 'size_t' to 'FT_ULong', possible loss of data (compiling source file ..\..\..\src\type1\type1.c)
C:\Users\Administrator\Desktop\Game Project\Git_EngineProof+Camera\Atom\Atom\lib\freetype-2.10.4\src\type1\t1driver.c(297,58): warning C4267: '=': conversion from 'size_t' to 'FT_ULong', possible loss of data (compiling source file ..\..\..\src\type1\type1.c)
C:\Users\Administrator\Desktop\Game Project\Git_EngineProof+Camera\Atom\Atom\lib\freetype-2.10.4\src\type1\t1driver.c(329,65): warning C4267: '=': conversion from 'size_t' to 'FT_ULong', possible loss of data (compiling source file ..\..\..\src\type1\type1.c)
C:\Users\Administrator\Desktop\Game Project\Git_EngineProof+Camera\Atom\Atom\lib\freetype-2.10.4\src\type1\t1driver.c(359,23): warning C4267: '=': conversion from 'size_t' to 'FT_UInt', possible loss of data (compiling source file ..\..\..\src\type1\type1.c)
C:\Users\Administrator\Desktop\Game Project\Git_EngineProof+Camera\Atom\Atom\lib\freetype-2.10.4\src\type1\t1driver.c(568,59): warning C4267: '=': conversion from 'size_t' to 'FT_ULong', possible loss of data (compiling source file ..\..\..\src\type1\type1.c)
C:\Users\Administrator\Desktop\Game Project\Git_EngineProof+Camera\Atom\Atom\lib\freetype-2.10.4\src\type1\t1driver.c(577,58): warning C4267: '=': conversion from 'size_t' to 'FT_ULong', possible loss of data (compiling source file ..\..\..\src\type1\type1.c)
C:\Users\Administrator\Desktop\Game Project\Git_EngineProof+Camera\Atom\Atom\lib\freetype-2.10.4\src\type1\t1driver.c(586,61): warning C4267: '=': conversion from 'size_t' to 'FT_ULong', possible loss of data (compiling source file ..\..\..\src\type1\type1.c)
C:\Users\Administrator\Desktop\Game Project\Git_EngineProof+Camera\Atom\Atom\lib\freetype-2.10.4\src\type1\t1driver.c(595,63): warning C4267: '=': conversion from 'size_t' to 'FT_ULong', possible loss of data (compiling source file ..\..\..\src\type1\type1.c)
C:\Users\Administrator\Desktop\Game Project\Git_EngineProof+Camera\Atom\Atom\lib\freetype-2.10.4\src\type1\t1driver.c(605,58): warning C4267: '=': conversion from 'size_t' to 'FT_ULong', possible loss of data (compiling source file ..\..\..\src\type1\type1.c)
C:\Users\Administrator\Desktop\Game Project\Git_EngineProof+Camera\Atom\Atom\lib\freetype-2.10.4\src\type1\t1load.c(1761,68): warning C4244: '=': conversion from '__int64' to 'FT_Int', possible loss of data (compiling source file ..\..\..\src\type1\type1.c)
C:\Users\Administrator\Desktop\Game Project\Git_EngineProof+Camera\Atom\Atom\lib\freetype-2.10.4\src\type1\t1load.c(1931,40): warning C4244: '=': conversion from '__int64' to 'FT_Int', possible loss of data (compiling source file ..\..\..\src\type1\type1.c)
  type42.c
C:\Users\Administrator\Desktop\Game Project\Git_EngineProof+Camera\Atom\Atom\lib\freetype-2.10.4\src\truetype\ttgxvar.c(2237): warning C4701: potentially uninitialized local variable 'fvar_head' used
C:\Users\Administrator\Desktop\Game Project\Git_EngineProof+Camera\Atom\Atom\lib\freetype-2.10.4\src\type42\t42parse.c(832,66): warning C4244: '=': conversion from '__int64' to 'FT_Int', possible loss of data (compiling source file ..\..\..\src\type42\type42.c)
  winfnt.c
cl : command line warning D9002: ignoring unknown option '/arch:SSE2'
  ftdebug.c
     Creating library ..\..\..\objs\x64\Release\freetype.lib and object ..\..\..\objs\x64\Release\freetype.exp
  freetype.vcxproj -> C:\Users\Administrator\Desktop\Game Project\Git_EngineProof+Camera\Atom\Atom\lib\freetype-2.10.4\builds\windows\vc2010\..\..\..\objs\x64\Release\freetype.dll
